  Main.cpp
F:\c++\Project\BDoor\BDoor\include\other\tools.h(22,11): warning C4267: “初始化”: 从“size_t”转换到“int”，可能丢失数据
  (编译源文件“Main.cpp”)
  
F:\c++\Project\BDoor\BDoor\include\other\tools.h(41,11): warning C4267: “初始化”: 从“size_t”转换到“int”，可能丢失数据
  (编译源文件“Main.cpp”)
  
F:\c++\Project\BDoor\BDoor\include\other\tools.h(111,25): warning C4996: 'inet_addr': Use inet_pton() or InetPton() instead or define _WINSOCK_DEPRECATED_NO_WARNINGS to disable deprecated API warnings
  (编译源文件“Main.cpp”)
  
F:\c++\Project\BDoor\BDoor\include\other\tools.h(124,16): warning C4267: “初始化”: 从“size_t”转换到“int”，可能丢失数据
  (编译源文件“Main.cpp”)
  
F:\c++\Project\BDoor\BDoor\include\protocol\BDoorProtocol.h(23,1): warning C4005: “ERROR”: 宏重定义
  (编译源文件“Main.cpp”)
  F:\Windows Kits\10\Include\10.0.22621.0\um\wingdi.h(118,1):
  参见“ERROR”的前一个定义
  
F:\c++\Project\BDoor\BDoor\include\BDoorControlled.h(80,31): warning C4996: 'inet_addr': Use inet_pton() or InetPton() instead or define _WINSOCK_DEPRECATED_NO_WARNINGS to disable deprecated API warnings
  (编译源文件“Main.cpp”)
  
F:\c++\Project\BDoor\BDoor\include\BDoorControlled.h(135,12): warning C4996: 'inet_ntoa': Use inet_ntop() or InetNtop() instead or define _WINSOCK_DEPRECATED_NO_WARNINGS to disable deprecated API warnings
  (编译源文件“Main.cpp”)
  
F:\c++\Project\BDoor\BDoor\include\BDoorControlled.h(187,12): warning C4996: 'inet_ntoa': Use inet_ntop() or InetNtop() instead or define _WINSOCK_DEPRECATED_NO_WARNINGS to disable deprecated API warnings
  (编译源文件“Main.cpp”)
  
F:\c++\Project\BDoor\BDoor\include\BDoorControlled.h(190,12): warning C4996: 'inet_ntoa': Use inet_ntop() or InetNtop() instead or define _WINSOCK_DEPRECATED_NO_WARNINGS to disable deprecated API warnings
  (编译源文件“Main.cpp”)
  
F:\c++\Project\BDoor\BDoor\include\BDoorControlled.h(210,15): warning C4834: 放弃具有 [[nodiscard]] 属性的函数的返回值
  (编译源文件“Main.cpp”)
  
F:\c++\Project\BDoor\BDoor\include\BDoorControlled.h(208,12): warning C4996: 'inet_ntoa': Use inet_ntop() or InetNtop() instead or define _WINSOCK_DEPRECATED_NO_WARNINGS to disable deprecated API warnings
  (编译源文件“Main.cpp”)
  
F:\c++\Project\BDoor\BDoor\include\BDoorControlled.h(217,29): warning C4996: 'inet_addr': Use inet_pton() or InetPton() instead or define _WINSOCK_DEPRECATED_NO_WARNINGS to disable deprecated API warnings
  (编译源文件“Main.cpp”)
  
F:\c++\Project\BDoor\BDoor\include\BDoorControlled.h(220,14): warning C4996: 'inet_ntoa': Use inet_ntop() or InetNtop() instead or define _WINSOCK_DEPRECATED_NO_WARNINGS to disable deprecated API warnings
  (编译源文件“Main.cpp”)
  
  BDoorControlled.vcxproj -> F:\c++\Project\BDoor\BDoorControlled\x64\Debug\BDoorControlled.exe
